<?xml version="1.0" encoding="UTF-8"?>
<testng-results ignored="0" total="1" passed="1" failed="0" skipped="0">
  <reporter-output>
  </reporter-output>
  <suite started-at="2025-03-07T17:06:47 IST" name="Suite" finished-at="2025-03-07T17:07:03 IST" duration-ms="15637">
    <groups>
    </groups>
    <test started-at="2025-03-07T17:06:47 IST" name="Test" finished-at="2025-03-07T17:07:03 IST" duration-ms="15637">
      <class name="com.framework.testng.base.CreateLead">
        <test-method is-config="true" signature="pre()[pri:0, instance:com.framework.testng.base.CreateLead@10feca44]" started-at="2025-03-07T17:06:47 IST" name="pre" finished-at="2025-03-07T17:06:59 IST" duration-ms="11320" status="PASS">
          <reporter-output>
          </reporter-output>
        </test-method> <!-- pre -->
        <test-method signature="runCreate()[pri:0, instance:com.framework.testng.base.CreateLead@10feca44]" started-at="2025-03-07T17:06:59 IST" name="runCreate" finished-at="2025-03-07T17:07:03 IST" duration-ms="4164" status="PASS">
          <reporter-output>
          </reporter-output>
        </test-method> <!-- runCreate -->
        <test-method is-config="true" signature="pos()[pri:0, instance:com.framework.testng.base.CreateLead@10feca44]" started-at="2025-03-07T17:07:03 IST" name="pos" finished-at="2025-03-07T17:07:03 IST" duration-ms="122" status="PASS">
          <reporter-output>
          </reporter-output>
        </test-method> <!-- pos -->
      </class> <!-- com.framework.testng.base.CreateLead -->
    </test> <!-- Test -->
  </suite> <!-- Suite -->
</testng-results>
