<?xml version="1.0" encoding="UTF-8"?>
<testng-results ignored="0" total="1" passed="1" failed="0" skipped="0">
  <reporter-output>
  </reporter-output>
  <suite started-at="2025-03-07T17:04:48 IST" name="Default suite" finished-at="2025-03-07T17:05:11 IST" duration-ms="23261">
    <groups>
    </groups>
    <test started-at="2025-03-07T17:04:48 IST" name="Default test" finished-at="2025-03-07T17:05:11 IST" duration-ms="23261">
      <class name="com.framework.testng.base.CreateLead">
        <test-method is-config="true" signature="pre()[pri:0, instance:com.framework.testng.base.CreateLead@38cee291]" started-at="2025-03-07T17:04:48 IST" name="pre" finished-at="2025-03-07T17:05:06 IST" duration-ms="18610" status="PASS">
          <reporter-output>
          </reporter-output>
        </test-method> <!-- pre -->
        <test-method signature="runCreate()[pri:0, instance:com.framework.testng.base.CreateLead@38cee291]" started-at="2025-03-07T17:05:06 IST" name="runCreate" finished-at="2025-03-07T17:05:10 IST" duration-ms="4150" status="PASS">
          <reporter-output>
          </reporter-output>
        </test-method> <!-- runCreate -->
        <test-method is-config="true" signature="pos()[pri:0, instance:com.framework.testng.base.CreateLead@38cee291]" started-at="2025-03-07T17:05:10 IST" name="pos" finished-at="2025-03-07T17:05:11 IST" duration-ms="466" status="PASS">
          <reporter-output>
          </reporter-output>
        </test-method> <!-- pos -->
      </class> <!-- com.framework.testng.base.CreateLead -->
    </test> <!-- Default test -->
  </suite> <!-- Default suite -->
</testng-results>
